Building...
/home/emmie/XR50TrainingRepo/XR50TrainingRepoApp/training-repo/Models/XRAppManagement.cs(14,16): warning CS8618: Non-nullable property 'AppName' must contain a non-null value when exiting constructor. Consider declaring the property as nullable. [/home/emmie/XR50TrainingRepo/XR50TrainingRepoApp/training-repo/XR5_0TrainingRepo.csproj]
/home/emmie/XR50TrainingRepo/XR50TrainingRepoApp/training-repo/Models/UserManagement.cs(14,23): warning CS8618: Non-nullable property 'AppName' must contain a non-null value when exiting constructor. Consider declaring the property as nullable. [/home/emmie/XR50TrainingRepo/XR50TrainingRepoApp/training-repo/XR5_0TrainingRepo.csproj]
/home/emmie/XR50TrainingRepo/XR50TrainingRepoApp/training-repo/Models/TrainingManagment.cs(14,23): warning CS8618: Non-nullable property 'TrainingName' must contain a non-null value when exiting constructor. Consider declaring the property as nullable. [/home/emmie/XR50TrainingRepo/XR50TrainingRepoApp/training-repo/XR5_0TrainingRepo.csproj]
/home/emmie/XR50TrainingRepo/XR50TrainingRepoApp/training-repo/Models/AssetManagement.cs(11,23): warning CS8618: Non-nullable property 'TrainingId' must contain a non-null value when exiting constructor. Consider declaring the property as nullable. [/home/emmie/XR50TrainingRepo/XR50TrainingRepoApp/training-repo/XR5_0TrainingRepo.csproj]
/home/emmie/XR50TrainingRepo/XR50TrainingRepoApp/training-repo/Controllers/TrainingManagmentsController.cs(97,31): warning CS8600: Converting null literal or possible null value to non-nullable type. [/home/emmie/XR50TrainingRepo/XR50TrainingRepoApp/training-repo/XR5_0TrainingRepo.csproj]
/home/emmie/XR50TrainingRepo/XR50TrainingRepoApp/training-repo/Controllers/TrainingManagmentsController.cs(98,31): warning CS8600: Converting null literal or possible null value to non-nullable type. [/home/emmie/XR50TrainingRepo/XR50TrainingRepoApp/training-repo/XR5_0TrainingRepo.csproj]
/home/emmie/XR50TrainingRepo/XR50TrainingRepoApp/training-repo/Controllers/TrainingManagmentsController.cs(99,34): warning CS8600: Converting null literal or possible null value to non-nullable type. [/home/emmie/XR50TrainingRepo/XR50TrainingRepoApp/training-repo/XR5_0TrainingRepo.csproj]
/home/emmie/XR50TrainingRepo/XR50TrainingRepoApp/training-repo/Controllers/ResourceManagementsController.cs(102,31): warning CS8600: Converting null literal or possible null value to non-nullable type. [/home/emmie/XR50TrainingRepo/XR50TrainingRepoApp/training-repo/XR5_0TrainingRepo.csproj]
/home/emmie/XR50TrainingRepo/XR50TrainingRepoApp/training-repo/Controllers/ResourceManagementsController.cs(103,31): warning CS8600: Converting null literal or possible null value to non-nullable type. [/home/emmie/XR50TrainingRepo/XR50TrainingRepoApp/training-repo/XR5_0TrainingRepo.csproj]
/home/emmie/XR50TrainingRepo/XR50TrainingRepoApp/training-repo/Controllers/ResourceManagementsController.cs(104,34): warning CS8600: Converting null literal or possible null value to non-nullable type. [/home/emmie/XR50TrainingRepo/XR50TrainingRepoApp/training-repo/XR5_0TrainingRepo.csproj]
/home/emmie/XR50TrainingRepo/XR50TrainingRepoApp/training-repo/Controllers/AssetManagementsController.cs(105,31): warning CS8600: Converting null literal or possible null value to non-nullable type. [/home/emmie/XR50TrainingRepo/XR50TrainingRepoApp/training-repo/XR5_0TrainingRepo.csproj]
/home/emmie/XR50TrainingRepo/XR50TrainingRepoApp/training-repo/Controllers/AssetManagementsController.cs(106,31): warning CS8600: Converting null literal or possible null value to non-nullable type. [/home/emmie/XR50TrainingRepo/XR50TrainingRepoApp/training-repo/XR5_0TrainingRepo.csproj]
/home/emmie/XR50TrainingRepo/XR50TrainingRepoApp/training-repo/Controllers/AssetManagementsController.cs(107,34): warning CS8600: Converting null literal or possible null value to non-nullable type. [/home/emmie/XR50TrainingRepo/XR50TrainingRepoApp/training-repo/XR5_0TrainingRepo.csproj]
/home/emmie/XR50TrainingRepo/XR50TrainingRepoApp/training-repo/Controllers/XR50AppController.cs(99,68): warning CS8604: Possible null reference argument for parameter 'value' in 'KeyValuePair<string, string>.KeyValuePair(string key, string value)'. [/home/emmie/XR50TrainingRepo/XR50TrainingRepoApp/training-repo/XR5_0TrainingRepo.csproj]
/home/emmie/XR50TrainingRepo/XR50TrainingRepoApp/training-repo/Controllers/XR50AppController.cs(101,31): warning CS8600: Converting null literal or possible null value to non-nullable type. [/home/emmie/XR50TrainingRepo/XR50TrainingRepoApp/training-repo/XR5_0TrainingRepo.csproj]
/home/emmie/XR50TrainingRepo/XR50TrainingRepoApp/training-repo/Controllers/XR50AppController.cs(102,31): warning CS8600: Converting null literal or possible null value to non-nullable type. [/home/emmie/XR50TrainingRepo/XR50TrainingRepoApp/training-repo/XR5_0TrainingRepo.csproj]
/home/emmie/XR50TrainingRepo/XR50TrainingRepoApp/training-repo/Controllers/XR50AppController.cs(103,31): warning CS8600: Converting null literal or possible null value to non-nullable type. [/home/emmie/XR50TrainingRepo/XR50TrainingRepoApp/training-repo/XR5_0TrainingRepo.csproj]
/home/emmie/XR50TrainingRepo/XR50TrainingRepoApp/training-repo/Controllers/XR50AppController.cs(104,31): warning CS8600: Converting null literal or possible null value to non-nullable type. [/home/emmie/XR50TrainingRepo/XR50TrainingRepoApp/training-repo/XR5_0TrainingRepo.csproj]
/home/emmie/XR50TrainingRepo/XR50TrainingRepoApp/training-repo/Controllers/XR50AppController.cs(105,34): warning CS8600: Converting null literal or possible null value to non-nullable type. [/home/emmie/XR50TrainingRepo/XR50TrainingRepoApp/training-repo/XR5_0TrainingRepo.csproj]
/home/emmie/XR50TrainingRepo/XR50TrainingRepoApp/training-repo/Controllers/XR50AppController.cs(113,47): warning CS8604: Possible null reference argument for parameter 'uriString' in 'Uri.Uri(string uriString)'. [/home/emmie/XR50TrainingRepo/XR50TrainingRepoApp/training-repo/XR5_0TrainingRepo.csproj]
/home/emmie/XR50TrainingRepo/XR50TrainingRepoApp/training-repo/Controllers/XR50AppController.cs(132,23): warning CS8602: Dereference of a possibly null reference. [/home/emmie/XR50TrainingRepo/XR50TrainingRepoApp/training-repo/XR5_0TrainingRepo.csproj]
/home/emmie/XR50TrainingRepo/XR50TrainingRepoApp/training-repo/Controllers/TrainingManagmentsController.cs(127,31): warning CS8600: Converting null literal or possible null value to non-nullable type. [/home/emmie/XR50TrainingRepo/XR50TrainingRepoApp/training-repo/XR5_0TrainingRepo.csproj]
/home/emmie/XR50TrainingRepo/XR50TrainingRepoApp/training-repo/Controllers/TrainingManagmentsController.cs(128,31): warning CS8600: Converting null literal or possible null value to non-nullable type. [/home/emmie/XR50TrainingRepo/XR50TrainingRepoApp/training-repo/XR5_0TrainingRepo.csproj]
/home/emmie/XR50TrainingRepo/XR50TrainingRepoApp/training-repo/Controllers/TrainingManagmentsController.cs(129,31): warning CS8600: Converting null literal or possible null value to non-nullable type. [/home/emmie/XR50TrainingRepo/XR50TrainingRepoApp/training-repo/XR5_0TrainingRepo.csproj]
/home/emmie/XR50TrainingRepo/XR50TrainingRepoApp/training-repo/Controllers/TrainingManagmentsController.cs(130,31): warning CS8600: Converting null literal or possible null value to non-nullable type. [/home/emmie/XR50TrainingRepo/XR50TrainingRepoApp/training-repo/XR5_0TrainingRepo.csproj]
/home/emmie/XR50TrainingRepo/XR50TrainingRepoApp/training-repo/Controllers/TrainingManagmentsController.cs(131,34): warning CS8600: Converting null literal or possible null value to non-nullable type. [/home/emmie/XR50TrainingRepo/XR50TrainingRepoApp/training-repo/XR5_0TrainingRepo.csproj]
/home/emmie/XR50TrainingRepo/XR50TrainingRepoApp/training-repo/Controllers/XR50AppController.cs(157,31): warning CS8600: Converting null literal or possible null value to non-nullable type. [/home/emmie/XR50TrainingRepo/XR50TrainingRepoApp/training-repo/XR5_0TrainingRepo.csproj]
/home/emmie/XR50TrainingRepo/XR50TrainingRepoApp/training-repo/Controllers/XR50AppController.cs(158,31): warning CS8600: Converting null literal or possible null value to non-nullable type. [/home/emmie/XR50TrainingRepo/XR50TrainingRepoApp/training-repo/XR5_0TrainingRepo.csproj]
/home/emmie/XR50TrainingRepo/XR50TrainingRepoApp/training-repo/Controllers/XR50AppController.cs(159,31): warning CS8600: Converting null literal or possible null value to non-nullable type. [/home/emmie/XR50TrainingRepo/XR50TrainingRepoApp/training-repo/XR5_0TrainingRepo.csproj]
/home/emmie/XR50TrainingRepo/XR50TrainingRepoApp/training-repo/Controllers/XR50AppController.cs(160,31): warning CS8600: Converting null literal or possible null value to non-nullable type. [/home/emmie/XR50TrainingRepo/XR50TrainingRepoApp/training-repo/XR5_0TrainingRepo.csproj]
/home/emmie/XR50TrainingRepo/XR50TrainingRepoApp/training-repo/Controllers/XR50AppController.cs(161,34): warning CS8600: Converting null literal or possible null value to non-nullable type. [/home/emmie/XR50TrainingRepo/XR50TrainingRepoApp/training-repo/XR5_0TrainingRepo.csproj]
/home/emmie/XR50TrainingRepo/XR50TrainingRepoApp/training-repo/Controllers/XR50AppController.cs(171,47): warning CS8604: Possible null reference argument for parameter 'uriString' in 'Uri.Uri(string uriString)'. [/home/emmie/XR50TrainingRepo/XR50TrainingRepoApp/training-repo/XR5_0TrainingRepo.csproj]
/home/emmie/XR50TrainingRepo/XR50TrainingRepoApp/training-repo/Controllers/XR50AppController.cs(188,19): warning CS8602: Dereference of a possibly null reference. [/home/emmie/XR50TrainingRepo/XR50TrainingRepoApp/training-repo/XR5_0TrainingRepo.csproj]
/home/emmie/XR50TrainingRepo/XR50TrainingRepoApp/training-repo/Controllers/ResourceManagementsController.cs(137,31): warning CS8600: Converting null literal or possible null value to non-nullable type. [/home/emmie/XR50TrainingRepo/XR50TrainingRepoApp/training-repo/XR5_0TrainingRepo.csproj]
/home/emmie/XR50TrainingRepo/XR50TrainingRepoApp/training-repo/Controllers/ResourceManagementsController.cs(138,31): warning CS8600: Converting null literal or possible null value to non-nullable type. [/home/emmie/XR50TrainingRepo/XR50TrainingRepoApp/training-repo/XR5_0TrainingRepo.csproj]
/home/emmie/XR50TrainingRepo/XR50TrainingRepoApp/training-repo/Controllers/ResourceManagementsController.cs(139,34): warning CS8600: Converting null literal or possible null value to non-nullable type. [/home/emmie/XR50TrainingRepo/XR50TrainingRepoApp/training-repo/XR5_0TrainingRepo.csproj]
/home/emmie/XR50TrainingRepo/XR50TrainingRepoApp/training-repo/Controllers/AssetManagementsController.cs(146,31): warning CS8600: Converting null literal or possible null value to non-nullable type. [/home/emmie/XR50TrainingRepo/XR50TrainingRepoApp/training-repo/XR5_0TrainingRepo.csproj]
/home/emmie/XR50TrainingRepo/XR50TrainingRepoApp/training-repo/Controllers/AssetManagementsController.cs(147,31): warning CS8600: Converting null literal or possible null value to non-nullable type. [/home/emmie/XR50TrainingRepo/XR50TrainingRepoApp/training-repo/XR5_0TrainingRepo.csproj]
/home/emmie/XR50TrainingRepo/XR50TrainingRepoApp/training-repo/Controllers/AssetManagementsController.cs(148,34): warning CS8600: Converting null literal or possible null value to non-nullable type. [/home/emmie/XR50TrainingRepo/XR50TrainingRepoApp/training-repo/XR5_0TrainingRepo.csproj]
/home/emmie/XR50TrainingRepo/XR50TrainingRepoApp/training-repo/Controllers/ResourceManagementsController.cs(149,47): warning CS8602: Dereference of a possibly null reference. [/home/emmie/XR50TrainingRepo/XR50TrainingRepoApp/training-repo/XR5_0TrainingRepo.csproj]
/home/emmie/XR50TrainingRepo/XR50TrainingRepoApp/training-repo/Controllers/UsersController.cs(102,67): warning CS8604: Possible null reference argument for parameter 'value' in 'KeyValuePair<string, string>.KeyValuePair(string key, string value)'. [/home/emmie/XR50TrainingRepo/XR50TrainingRepoApp/training-repo/XR5_0TrainingRepo.csproj]
/home/emmie/XR50TrainingRepo/XR50TrainingRepoApp/training-repo/Controllers/UsersController.cs(103,69): warning CS8604: Possible null reference argument for parameter 'value' in 'KeyValuePair<string, string>.KeyValuePair(string key, string value)'. [/home/emmie/XR50TrainingRepo/XR50TrainingRepoApp/training-repo/XR5_0TrainingRepo.csproj]
/home/emmie/XR50TrainingRepo/XR50TrainingRepoApp/training-repo/Controllers/UsersController.cs(104,66): warning CS8604: Possible null reference argument for parameter 'value' in 'KeyValuePair<string, string>.KeyValuePair(string key, string value)'. [/home/emmie/XR50TrainingRepo/XR50TrainingRepoApp/training-repo/XR5_0TrainingRepo.csproj]
/home/emmie/XR50TrainingRepo/XR50TrainingRepoApp/training-repo/Controllers/UsersController.cs(105,68): warning CS8604: Possible null reference argument for parameter 'value' in 'KeyValuePair<string, string>.KeyValuePair(string key, string value)'. [/home/emmie/XR50TrainingRepo/XR50TrainingRepoApp/training-repo/XR5_0TrainingRepo.csproj]
/home/emmie/XR50TrainingRepo/XR50TrainingRepoApp/training-repo/Controllers/UsersController.cs(108,31): warning CS8600: Converting null literal or possible null value to non-nullable type. [/home/emmie/XR50TrainingRepo/XR50TrainingRepoApp/training-repo/XR5_0TrainingRepo.csproj]
/home/emmie/XR50TrainingRepo/XR50TrainingRepoApp/training-repo/Controllers/UsersController.cs(109,31): warning CS8600: Converting null literal or possible null value to non-nullable type. [/home/emmie/XR50TrainingRepo/XR50TrainingRepoApp/training-repo/XR5_0TrainingRepo.csproj]
/home/emmie/XR50TrainingRepo/XR50TrainingRepoApp/training-repo/Controllers/UsersController.cs(110,31): warning CS8600: Converting null literal or possible null value to non-nullable type. [/home/emmie/XR50TrainingRepo/XR50TrainingRepoApp/training-repo/XR5_0TrainingRepo.csproj]
/home/emmie/XR50TrainingRepo/XR50TrainingRepoApp/training-repo/Controllers/UsersController.cs(111,31): warning CS8600: Converting null literal or possible null value to non-nullable type. [/home/emmie/XR50TrainingRepo/XR50TrainingRepoApp/training-repo/XR5_0TrainingRepo.csproj]
/home/emmie/XR50TrainingRepo/XR50TrainingRepoApp/training-repo/Controllers/UsersController.cs(120,47): warning CS8604: Possible null reference argument for parameter 'uriString' in 'Uri.Uri(string uriString)'. [/home/emmie/XR50TrainingRepo/XR50TrainingRepoApp/training-repo/XR5_0TrainingRepo.csproj]
/home/emmie/XR50TrainingRepo/XR50TrainingRepoApp/training-repo/Controllers/UsersController.cs(143,67): warning CS8604: Possible null reference argument for parameter 'value' in 'KeyValuePair<string, string>.KeyValuePair(string key, string value)'. [/home/emmie/XR50TrainingRepo/XR50TrainingRepoApp/training-repo/XR5_0TrainingRepo.csproj]
/home/emmie/XR50TrainingRepo/XR50TrainingRepoApp/training-repo/Controllers/UsersController.cs(144,69): warning CS8604: Possible null reference argument for parameter 'value' in 'KeyValuePair<string, string>.KeyValuePair(string key, string value)'. [/home/emmie/XR50TrainingRepo/XR50TrainingRepoApp/training-repo/XR5_0TrainingRepo.csproj]
/home/emmie/XR50TrainingRepo/XR50TrainingRepoApp/training-repo/Controllers/UsersController.cs(145,66): warning CS8604: Possible null reference argument for parameter 'value' in 'KeyValuePair<string, string>.KeyValuePair(string key, string value)'. [/home/emmie/XR50TrainingRepo/XR50TrainingRepoApp/training-repo/XR5_0TrainingRepo.csproj]
/home/emmie/XR50TrainingRepo/XR50TrainingRepoApp/training-repo/Controllers/UsersController.cs(146,68): warning CS8604: Possible null reference argument for parameter 'value' in 'KeyValuePair<string, string>.KeyValuePair(string key, string value)'. [/home/emmie/XR50TrainingRepo/XR50TrainingRepoApp/training-repo/XR5_0TrainingRepo.csproj]
/home/emmie/XR50TrainingRepo/XR50TrainingRepoApp/training-repo/Controllers/UsersController.cs(148,31): warning CS8600: Converting null literal or possible null value to non-nullable type. [/home/emmie/XR50TrainingRepo/XR50TrainingRepoApp/training-repo/XR5_0TrainingRepo.csproj]
/home/emmie/XR50TrainingRepo/XR50TrainingRepoApp/training-repo/Controllers/UsersController.cs(149,31): warning CS8600: Converting null literal or possible null value to non-nullable type. [/home/emmie/XR50TrainingRepo/XR50TrainingRepoApp/training-repo/XR5_0TrainingRepo.csproj]
/home/emmie/XR50TrainingRepo/XR50TrainingRepoApp/training-repo/Controllers/UsersController.cs(150,31): warning CS8600: Converting null literal or possible null value to non-nullable type. [/home/emmie/XR50TrainingRepo/XR50TrainingRepoApp/training-repo/XR5_0TrainingRepo.csproj]
/home/emmie/XR50TrainingRepo/XR50TrainingRepoApp/training-repo/Controllers/UsersController.cs(151,31): warning CS8600: Converting null literal or possible null value to non-nullable type. [/home/emmie/XR50TrainingRepo/XR50TrainingRepoApp/training-repo/XR5_0TrainingRepo.csproj]
/home/emmie/XR50TrainingRepo/XR50TrainingRepoApp/training-repo/Controllers/UsersController.cs(161,47): warning CS8604: Possible null reference argument for parameter 'uriString' in 'Uri.Uri(string uriString)'. [/home/emmie/XR50TrainingRepo/XR50TrainingRepoApp/training-repo/XR5_0TrainingRepo.csproj]
/home/emmie/XR50TrainingRepo/XR50TrainingRepoApp/training-repo/Controllers/UsersController.cs(171,44): warning CS8602: Dereference of a possibly null reference. [/home/emmie/XR50TrainingRepo/XR50TrainingRepoApp/training-repo/XR5_0TrainingRepo.csproj]
info: Microsoft.Hosting.Lifetime[14]
      Now listening on: http://192.168.190.33:5286
info: Microsoft.Hosting.Lifetime[0]
      Application started. Press Ctrl+C to shut down.
info: Microsoft.Hosting.Lifetime[0]
      Hosting environment: Development
info: Microsoft.Hosting.Lifetime[0]
      Content root path: /home/emmie/XR50TrainingRepo/XR50TrainingRepoApp/training-repo
warn: Microsoft.AspNetCore.HttpsPolicy.HttpsRedirectionMiddleware[3]
      Failed to determine the https port for redirect.
info: Microsoft.EntityFrameworkCore.Update[30100]
      Saved 1 entities to in-memory store.
info: System.Net.Http.HttpClient.Default.LogicalHandler[100]
      Start processing HTTP request POST https://amy.library.lab.synelixis.com/ocs/v1.php/cloud/groups
info: System.Net.Http.HttpClient.Default.ClientHandler[100]
      Sending HTTP request POST https://amy.library.lab.synelixis.com/ocs/v1.php/cloud/groups
info: System.Net.Http.HttpClient.Default.ClientHandler[101]
      Received HTTP response headers after 589.898ms - 200
info: System.Net.Http.HttpClient.Default.LogicalHandler[101]
      End processing HTTP request after 607.4861ms - 200
Ececuting command:curl -X MKCOL -u emmie:!@m!nL0v3W!th@my "https://amy.library.lab.synelixis.com/remote.php/webdav/Magical_Library/"
Output: <?xml version="1.0" encoding="utf-8"?>
<d:error xmlns:d="DAV:" xmlns:s="http://sabredav.org/ns">
  <s:exception>Sabre\DAV\Exception\MethodNotAllowed</s:exception>
  <s:message>The resource you tried to create already exists</s:message>
</d:error>

Error:   % Total    % Received % Xferd  Average Speed   Time    Time     Time  Current
                                 Dload  Upload   Total   Spent    Left  Speed
  0     0    0     0    0     0      0      0 --:--:-- --:--:-- --:--:--     0100   247  100   247    0     0    909      0 --:--:-- --:--:-- --:--:--   911

